# project  configured on Thu Mar 13 00:58:24 2025 by
# waf 1.7.11 (abi 98, python 30d02f0 on linux)
# using /home/flynn/Documents/git-misc/rebbletool/sdk/SDKs/current/sdk-core/pebble/waf configure
#
----------------------------------------
Setting top to
/home/flynn/Documents/Pebble/pebble-conway
----------------------------------------
Setting out to
/home/flynn/Documents/Pebble/pebble-conway/build
----------------------------------------
Checking for program webpack
/home/flynn/Documents/git-misc/rebbletool/sdk/SDKs/current/node_modules/.bin/webpack
find program=['webpack'] paths=['/home/flynn/Documents/git-misc/rebbletool/sdk/SDKs/current/node_modules/.bin'] var='WEBPACK' -> '/home/flynn/Documents/git-misc/rebbletool/sdk/SDKs/current/node_modules/.bin/webpack'
----------------------------------------
Found Pebble SDK for diorite in:
/home/flynn/Documents/git-misc/rebbletool/sdk/SDKs/current/sdk-core/pebble/diorite
----------------------------------------
Checking for program gcc,cc
arm-none-eabi-gcc
find program=['gcc', 'cc'] paths='' var='CC' -> 'arm-none-eabi-gcc'
----------------------------------------
Checking for program ar
arm-none-eabi-ar
find program=['ar'] paths='' var='AR' -> 'arm-none-eabi-ar'
----------------------------------------
Found Pebble SDK for chalk in:
/home/flynn/Documents/git-misc/rebbletool/sdk/SDKs/current/sdk-core/pebble/chalk
----------------------------------------
Checking for program gcc,cc
arm-none-eabi-gcc
find program=['gcc', 'cc'] paths='' var='CC' -> 'arm-none-eabi-gcc'
----------------------------------------
Checking for program ar
arm-none-eabi-ar
find program=['ar'] paths='' var='AR' -> 'arm-none-eabi-ar'
----------------------------------------
Found Pebble SDK for basalt in:
/home/flynn/Documents/git-misc/rebbletool/sdk/SDKs/current/sdk-core/pebble/basalt
----------------------------------------
Checking for program gcc,cc
arm-none-eabi-gcc
find program=['gcc', 'cc'] paths='' var='CC' -> 'arm-none-eabi-gcc'
----------------------------------------
Checking for program ar
arm-none-eabi-ar
find program=['ar'] paths='' var='AR' -> 'arm-none-eabi-ar'
----------------------------------------
Found Pebble SDK for aplite in:
/home/flynn/Documents/git-misc/rebbletool/sdk/SDKs/current/sdk-core/pebble/aplite
----------------------------------------
Checking for program gcc,cc
arm-none-eabi-gcc
find program=['gcc', 'cc'] paths='' var='CC' -> 'arm-none-eabi-gcc'
----------------------------------------
Checking for program ar
arm-none-eabi-ar
find program=['ar'] paths='' var='AR' -> 'arm-none-eabi-ar'
